<?xml version="1.0" encoding="UTF-8"?>
<!-- Generated by org.testng.reporters.JUnitReportReporter -->
<testsuite hostname="DESKTOP-AAQ53LS" failures="0" tests="1" name="TestClass.TC001_LoginTest" time="2.224" errors="0" timestamp="2024-10-01T19:45:26 IST" skipped="0">
  <testcase classname="TestClass.TC001_LoginTest" name="loginTest" time="2.224"/>
</testsuite> <!-- TestClass.TC001_LoginTest -->
