<?xml version="1.0" encoding="UTF-8"?>
<!-- Generated by org.testng.reporters.JUnitReportReporter -->
<testsuite hostname="DESKTOP-AAQ53LS" failures="0" tests="1" name="TestClass.TC003_NewCustTest" time="4.846" errors="0" timestamp="2024-10-01T20:22:30 IST" skipped="0">
  <testcase classname="TestClass.TC003_NewCustTest" name="createNewCustTest" time="4.846"/>
</testsuite> <!-- TestClass.TC003_NewCustTest -->
